<?xml version="1.0" encoding="UTF-8"?>
<!-- Generated by org.testng.reporters.JUnitReportReporter -->
<testsuite hostname="Hassanhussaeny" failures="0" tests="1" name="com.syntax.tests.AssignmentTestMaven" time="6.088" errors="0" timestamp="08 Dec 2018 07:35:34 GMT" skipped="0">
  <testcase classname="com.syntax.tests.AssignmentTestMaven" name="testRun" time="6.088"/>
</testsuite> <!-- com.syntax.tests.AssignmentTestMaven -->
