<?xml version="1.0" encoding="UTF-8"?>
<!-- Generated by org.testng.reporters.JUnitReportReporter -->
<testsuite hostname="Hassanhussaeny" failures="0" tests="1" name="com.syntax.tests.AssignmentTestMaven" time="5.868" errors="0" timestamp="08 Dec 2018 07:21:59 GMT" skipped="0">
  <testcase classname="com.syntax.tests.AssignmentTestMaven" name="testRun" time="5.868"/>
</testsuite> <!-- com.syntax.tests.AssignmentTestMaven -->
